Flow report for SineWaveGenerator
Thu Feb 23 15:11:19 2023
Quartus II 64-Bit Version 13.1.0 Build 162 10/23/2013 SJ Web Edition


---------------------
; Table of Contents ;
---------------------
  1. Legal Notice
  2. Flow Summary
  3. Flow Settings
  4. Flow Non-Default Global Settings
  5. Flow Elapsed Time
  6. Flow OS Summary
  7. Flow Log
  8. Flow Messages
  9. Flow Suppressed Messages



----------------
; Legal Notice ;
----------------
Copyright (C) 1991-2013 Altera Corporation
Your use of Altera Corporation's design tools, logic functions 
and other software and tools, and its AMPP partner logic 
functions, and any output files from any of the foregoing 
(including device programming or simulation files), and any 
associated documentation or information are expressly subject 
to the terms and conditions of the Altera Program License 
Subscription Agreement, Altera MegaCore Function License 
Agreement, or other applicable license agreement, including, 
without limitation, that your use is for the sole purpose of 
programming logic devices manufactured by Altera and sold by 
Altera or its authorized distributors.  Please refer to the 
applicable agreement for further details.



+---------------------------------------------------------------------------------+
; Flow Summary                                                                    ;
+------------------------------------+--------------------------------------------+
; Flow Status                        ; Successful - Thu Feb 23 15:11:19 2023      ;
; Quartus II 64-Bit Version          ; 13.1.0 Build 162 10/23/2013 SJ Web Edition ;
; Revision Name                      ; SineWaveGenerator                          ;
; Top-level Entity Name              ; driverSPWMGenerator                        ;
; Family                             ; Cyclone III                                ;
; Device                             ; EP3C16F484C6                               ;
; Timing Models                      ; Final                                      ;
; Total logic elements               ; 670 / 15,408 ( 4 % )                       ;
;     Total combinational functions  ; 664 / 15,408 ( 4 % )                       ;
;     Dedicated logic registers      ; 83 / 15,408 ( < 1 % )                      ;
; Total registers                    ; 83                                         ;
; Total pins                         ; 23 / 347 ( 7 % )                           ;
; Total virtual pins                 ; 0                                          ;
; Total memory bits                  ; 0 / 516,096 ( 0 % )                        ;
; Embedded Multiplier 9-bit elements ; 0 / 112 ( 0 % )                            ;
; Total PLLs                         ; 0 / 4 ( 0 % )                              ;
+------------------------------------+--------------------------------------------+


+-----------------------------------------+
; Flow Settings                           ;
+-------------------+---------------------+
; Option            ; Setting             ;
+-------------------+---------------------+
; Start date & time ; 02/23/2023 15:10:50 ;
; Main task         ; Compilation         ;
; Revision Name     ; SineWaveGenerator   ;
+-------------------+---------------------+


+--------------------------------------------------------------------------------------------------------------------------------------------------------------------------------------+
; Flow Non-Default Global Settings                                                                                                                                                     ;
+-------------------------------------+-------------------------------------------------------------------------------------+-------------------+---------------------+----------------+
; Assignment Name                     ; Value                                                                               ; Default Value     ; Entity Name         ; Section Id     ;
+-------------------------------------+-------------------------------------------------------------------------------------+-------------------+---------------------+----------------+
; COMPILER_SIGNATURE_ID               ; 110073159251774.167717585015572                                                     ; --                ; --                  ; --             ;
; EDA_GENERATE_FUNCTIONAL_NETLIST     ; On                                                                                  ; --                ; --                  ; eda_simulation ;
; EDA_NETLIST_WRITER_OUTPUT_DIR       ; C:/altera/projects/SinusoidalPWM-generator-for-IGBT-based-inverter/simulation/qsim/ ; --                ; --                  ; eda_simulation ;
; EDA_OUTPUT_DATA_FORMAT              ; Verilog Hdl                                                                         ; --                ; --                  ; eda_simulation ;
; EDA_SIMULATION_TOOL                 ; ModelSim-Altera (Verilog)                                                           ; <None>            ; --                  ; --             ;
; MAX_CORE_JUNCTION_TEMP              ; 85                                                                                  ; --                ; --                  ; --             ;
; MIN_CORE_JUNCTION_TEMP              ; 0                                                                                   ; --                ; --                  ; --             ;
; PARTITION_COLOR                     ; 16764057                                                                            ; --                ; driverSPWMGenerator ; Top            ;
; PARTITION_FITTER_PRESERVATION_LEVEL ; PLACEMENT_AND_ROUTING                                                               ; --                ; driverSPWMGenerator ; Top            ;
; PARTITION_NETLIST_TYPE              ; SOURCE                                                                              ; --                ; driverSPWMGenerator ; Top            ;
; POWER_BOARD_THERMAL_MODEL           ; None (CONSERVATIVE)                                                                 ; --                ; --                  ; --             ;
; POWER_PRESET_COOLING_SOLUTION       ; 23 MM HEAT SINK WITH 200 LFPM AIRFLOW                                               ; --                ; --                  ; --             ;
; TOP_LEVEL_ENTITY                    ; driverSPWMGenerator                                                                 ; SineWaveGenerator ; --                  ; --             ;
+-------------------------------------+-------------------------------------------------------------------------------------+-------------------+---------------------+----------------+


+-------------------------------------------------------------------------------------------------------------------------------+
; Flow Elapsed Time                                                                                                             ;
+---------------------------+--------------+-------------------------+---------------------+------------------------------------+
; Module Name               ; Elapsed Time ; Average Processors Used ; Peak Virtual Memory ; Total CPU Time (on all processors) ;
+---------------------------+--------------+-------------------------+---------------------+------------------------------------+
; Analysis & Synthesis      ; 00:00:06     ; 1.0                     ; 4661 MB             ; 00:00:06                           ;
; Fitter                    ; 00:00:09     ; 1.0                     ; 4956 MB             ; 00:00:09                           ;
; Assembler                 ; 00:00:01     ; 1.0                     ; 4569 MB             ; 00:00:01                           ;
; TimeQuest Timing Analyzer ; 00:00:03     ; 1.0                     ; 4621 MB             ; 00:00:03                           ;
; EDA Netlist Writer        ; 00:00:01     ; 1.0                     ; 4541 MB             ; 00:00:01                           ;
; Total                     ; 00:00:20     ; --                      ; --                  ; 00:00:20                           ;
+---------------------------+--------------+-------------------------+---------------------+------------------------------------+


+----------------------------------------------------------------------------------------+
; Flow OS Summary                                                                        ;
+---------------------------+------------------+-----------+------------+----------------+
; Module Name               ; Machine Hostname ; OS Name   ; OS Version ; Processor type ;
+---------------------------+------------------+-----------+------------+----------------+
; Analysis & Synthesis      ; DESKTOP-1JGNDNM  ; Windows 7 ; 6.2        ; x86_64         ;
; Fitter                    ; DESKTOP-1JGNDNM  ; Windows 7 ; 6.2        ; x86_64         ;
; Assembler                 ; DESKTOP-1JGNDNM  ; Windows 7 ; 6.2        ; x86_64         ;
; TimeQuest Timing Analyzer ; DESKTOP-1JGNDNM  ; Windows 7 ; 6.2        ; x86_64         ;
; EDA Netlist Writer        ; DESKTOP-1JGNDNM  ; Windows 7 ; 6.2        ; x86_64         ;
+---------------------------+------------------+-----------+------------+----------------+


------------
; Flow Log ;
------------
quartus_map --read_settings_files=on --write_settings_files=off SineWaveGenerator -c SineWaveGenerator
quartus_fit --read_settings_files=off --write_settings_files=off SineWaveGenerator -c SineWaveGenerator
quartus_asm --read_settings_files=off --write_settings_files=off SineWaveGenerator -c SineWaveGenerator
quartus_sta SineWaveGenerator -c SineWaveGenerator
quartus_eda --read_settings_files=off --write_settings_files=off SineWaveGenerator -c SineWaveGenerator



